AndroidStudioStudy/1-TheFirstCode/3_LearnActivity_LifeCycle/app/build/intermediates/manifest_merge_blame_file/debug/manifest-merger-blame-debug-report.txt
1<?xml version="1.0" encoding="utf-8"?>
2<manifest xmlns:android="http://schemas.android.com/apk/res/android"
3    package="com.bo.a3_learnactivity_lifecycle"
4    android:versionCode="1"
5    android:versionName="1.0" >
6
7    <uses-sdk
8        android:minSdkVersion="21"
8-->src\main\AndroidManifest.xml
9        android:targetSdkVersion="30" />
9-->src\main\AndroidManifest.xml
10
11    <application
11-->src\main\AndroidManifest.xml:5:5-30:19
12        android:allowBackup="true"
12-->src\main\AndroidManifest.xml:6:9-35
13        android:appComponentFactory="androidx.core.app.CoreComponentFactory"
13-->[androidx.core:core:1.3.2] AndroidManifest.xml:24:18-86
14        android:debuggable="true"
15        android:icon="@mipmap/ic_launcher"
15-->src\main\AndroidManifest.xml:7:9-43
16        android:label="@string/app_name"
16-->src\main\AndroidManifest.xml:8:9-41
17        android:roundIcon="@mipmap/ic_launcher_round"
17-->src\main\AndroidManifest.xml:9:9-54
18        android:supportsRtl="true"
18-->src\main\AndroidManifest.xml:10:9-35
19        android:testOnly="true"
20        android:theme="@style/Theme.3_LearnActivity_LifeCycle" >
20-->src\main\AndroidManifest.xml:11:9-63
21        <activity
21-->src\main\AndroidManifest.xml:12:9-17:20
22            android:name="com.bo.a3_learnactivity_lifecycle.DialogActivity"
22-->src\main\AndroidManifest.xml:13:13-43
23            android:exported="true"
23-->src\main\AndroidManifest.xml:14:13-36
24            android:theme="@style/Theme.AppCompat.Dialog" >
24-->src\main\AndroidManifest.xml:15:13-58
25
26            <!-- 上面一行是声明这个Activity是对话框主题的 -->
27        </activity>
28        <activity
28-->src\main\AndroidManifest.xml:18:9-21:20
29            android:name="com.bo.a3_learnactivity_lifecycle.NormalActivity"
29-->src\main\AndroidManifest.xml:19:13-43
30            android:exported="true" >
30-->src\main\AndroidManifest.xml:20:13-36
31        </activity>
32        <activity
32-->src\main\AndroidManifest.xml:22:9-29:20
33            android:name="com.bo.a3_learnactivity_lifecycle.MainActivity"
33-->src\main\AndroidManifest.xml:23:13-41
34            android:exported="true" >
34-->src\main\AndroidManifest.xml:24:13-36
35            <intent-filter>
35-->src\main\AndroidManifest.xml:25:13-28:29
36                <action android:name="android.intent.action.MAIN" />
36-->src\main\AndroidManifest.xml:26:17-69
36-->src\main\AndroidManifest.xml:26:25-66
37
38                <category android:name="android.intent.category.LAUNCHER" />
38-->src\main\AndroidManifest.xml:27:17-77
38-->src\main\AndroidManifest.xml:27:27-74
39            </intent-filter>
40        </activity>
41    </application>
42
43</manifest>